app/mapping.txt
# compiler: R8
# compiler_version: 1.5.69
# min_api: 19
# pg_map_id: 5f716c1
com.wkq.order.DataBinderMapperImpl -> e.o.e.a:
    android.util.SparseIntArray INTERNAL_LAYOUT_ID_LOOKUP -> a
    227:299:void <clinit>() -> <clinit>
    88:88:void <init>() -> <init>
    303:308:androidx.databinding.ViewDataBinding internalGetViewDataBinding0(androidx.databinding.DataBindingComponent,android.view.View,int,java.lang.Object) -> a
    610:615:androidx.databinding.ViewDataBinding internalGetViewDataBinding1(androidx.databinding.DataBindingComponent,android.view.View,int,java.lang.Object) -> b
    785:789:java.util.List collectDependencies() -> collectDependencies
    779:780:java.lang.String convertBrIdToString(int) -> convertBrIdToString
    731:748:androidx.databinding.ViewDataBinding getDataBinder(androidx.databinding.DataBindingComponent,android.view.View,int) -> getDataBinder
    753:754:androidx.databinding.ViewDataBinding getDataBinder(androidx.databinding.DataBindingComponent,android.view.View[],int) -> getDataBinder
    770:774:int getLayoutId(java.lang.String) -> getLayoutId
com.wkq.order.DataBinderMapperImpl$InnerBrLookup -> e.o.e.a$a:
    android.util.SparseArray sKeys -> a
    793:801:void <clinit>() -> <clinit>
com.wkq.order.DataBinderMapperImpl$InnerLayoutIdLookup -> e.o.e.a$b:
    java.util.HashMap sKeys -> a
    805:877:void <clinit>() -> <clinit>
com.wkq.order.R$id -> e.o.e.b:
com.wkq.order.application.OrderApplication -> com.wkq.order.application.OrderApplication:
    android.content.Context mContext -> a
    34:34:void <init>() -> <init>
    72:83:java.util.List getXpathRuleFromFile(java.lang.String) -> a
    96:96:void initDb() -> a
    87:88:void initYm() -> b
    67:67:android.content.Context getContext() -> c
    39:63:void onCreate() -> onCreate
com.wkq.order.databinding.ActivityAaaBinding -> e.o.e.c.a:
    35:40:void <init>(java.lang.Object,android.view.View,int,com.wkq.order.modlue.main.ui.widget.UIEmptyView,android.widget.RelativeLayout,com.scwang.smartrefresh.layout.SmartRefreshLayout,androidx.recyclerview.widget.RecyclerView) -> <init>
com.wkq.order.databinding.ActivityAaaBindingImpl -> e.o.e.c.b:
    android.util.SparseIntArray sViewsWithIds -> d
    androidx.databinding.ViewDataBinding$IncludedLayouts sIncludes -> c
    android.widget.RelativeLayout mboundView0 -> a
    long mDirtyFlags -> b
    15:21:void <clinit>() -> <clinit>
    31:32:void <init>(androidx.databinding.DataBindingComponent,android.view.View) -> <init>
    34:45:void <init>(androidx.databinding.DataBindingComponent,android.view.View,java.lang.Object[]) -> <init>
    80:84:void executeBindings() -> executeBindings
    57:61:boolean hasPendingBindings() -> hasPendingBindings
    49:51:void invalidateAll() -> invalidateAll
    73:75:boolean onFieldChange(int,java.lang.Object,int) -> onFieldChange
    67:68:boolean setVariable(int,java.lang.Object) -> setVariable
com.wkq.order.databinding.ActivityAboutBinding -> e.o.e.c.c:
    android.widget.RelativeLayout rlBack -> a
    android.webkit.WebView web -> b
    30:34:void <init>(java.lang.Object,android.view.View,int,android.widget.ImageView,android.widget.RelativeLayout,android.webkit.WebView) -> <init>
com.wkq.order.databinding.ActivityAboutBindingImpl -> e.o.e.c.d:
    android.util.SparseIntArray sViewsWithIds -> f
    androidx.databinding.ViewDataBinding$IncludedLayouts sIncludes -> e
    long mDirtyFlags -> d
    android.widget.LinearLayout mboundView0 -> c
    15:20:void <clinit>() -> <clinit>
    30:31:void <init>(androidx.databinding.DataBindingComponent,android.view.View) -> <init>
    33:43:void <init>(androidx.databinding.DataBindingComponent,android.view.View,java.lang.Object[]) -> <init>
    78:82:void executeBindings() -> executeBindings
    55:59:boolean hasPendingBindings() -> hasPendingBindings
    47:49:void invalidateAll() -> invalidateAll
    71:73:boolean onFieldChange(int,java.lang.Object,int) -> onFieldChange
    65:66:boolean setVariable(int,java.lang.Object) -> setVariable
...
com.wkq.net.util.NetworkUtil -> e.o.d.l.a:
    10:16:boolean isConnectInternet(android.content.Context) -> a
com.wkq.net.util.StringUtils -> e.o.d.l.b:
    java.lang.String TAG -> a
    40:475:void <clinit>() -> <clinit>
    37:37:void <init>() -> <init>
    384:388:java.lang.String decode(java.lang.String) -> a
com.xl.ratingbar.MyRatingBar -> com.xl.ratingbar.MyRatingBar:
    float starImagePadding -> h
    float starImageHeight -> g
    float starImageWidth -> f
    android.graphics.drawable.Drawable starEmptyDrawable -> i
    android.graphics.drawable.Drawable starFillDrawable -> j
    boolean isEmpty -> l
    int starCount -> b
    com.xl.ratingbar.MyRatingBar$OnRatingChangeListener onRatingChangeListener -> m
    int starNum -> a
    boolean mTouchable -> e
    android.graphics.drawable.Drawable starHalfDrawable -> k
    boolean halfstart -> c
    boolean mClickable -> d
    95:125:void <init>(android.content.Context,android.util.AttributeSet) -> <init>
    129:148:android.widget.ImageView getStarImageView(android.content.Context,boolean,int) -> a
    203:254:boolean onStarTouch(android.view.MotionEvent) -> a
    190:198:boolean onTouchEvent(android.view.MotionEvent) -> onTouchEvent
    86:87:void setEmpty(boolean) -> setEmpty
    50:51:void setHalfstart(boolean) -> setHalfstart
    90:91:void setOnRatingChangeListener(com.xl.ratingbar.MyRatingBar$OnRatingChangeListener) -> setOnRatingChangeListener
    153:184:void setStar(float) -> setStar
    46:47:void setStarCount(int) -> setStarCount
    74:75:void setStarEmptyDrawable(android.graphics.drawable.Drawable) -> setStarEmptyDrawable
    78:79:void setStarFillDrawable(android.graphics.drawable.Drawable) -> setStarFillDrawable
    82:83:void setStarHalfDrawable(android.graphics.drawable.Drawable) -> setStarHalfDrawable
com.xl.ratingbar.MyRatingBar$OnRatingChangeListener -> com.xl.ratingbar.MyRatingBar$a:
    void onRatingChange(com.xl.ratingbar.MyRatingBar,float) -> a
com.xl.ratingbar.R$styleable -> e.p.a.a:
    1087:1504:void <clinit>() -> <clinit>
com.youth.banner.Banner -> com.youth.banner.Banner:
    int mLayoutResId -> n
    int mIndicatorSelectedResId -> l
    int delayTime -> h
    boolean isScroll -> k
    com.youth.banner.listener.OnBannerClickListener bannerListener -> P
    com.youth.banner.listener.OnBannerListener listener -> Q
    int bannerBackgroundImage -> f
    java.util.List imageUrls -> z
    android.widget.LinearLayout titleView -> J
    com.youth.banner.WeakHandler handler -> S
    int mIndicatorHeight -> d
    android.widget.LinearLayout indicator -> H
    int mIndicatorMargin -> b
    java.util.List imageViews -> A
    android.widget.TextView bannerTitle -> E
    com.youth.banner.BannerScroller mScroller -> O
    android.widget.TextView numIndicator -> G
    int lastPosition -> w
    java.lang.String tag -> a
    int currentItem -> u
    android.util.DisplayMetrics dm -> R
    int titleTextSize -> s
    int titleBackground -> q
    int titleHeight -> o
    java.lang.Runnable task -> T
    android.content.Context context -> C
    int mIndicatorUnselectedResId -> m
    boolean isAutoPlay -> j
    int scrollTime -> i
    androidx.viewpager.widget.ViewPager$OnPageChangeListener mOnPageChangeListener -> N
    int bannerStyle -> g
    java.util.List titles -> y
    android.widget.LinearLayout indicatorInside -> I
    int indicatorSize -> e
    com.youth.banner.view.BannerViewPager viewPager -> D
    int mIndicatorWidth -> c
    com.youth.banner.Banner$BannerPagerAdapter adapter -> M
com.youth.banner.Banner$1 -> com.youth.banner.Banner$a:
    com.youth.banner.Banner this$0 -> a
    455:455:void <init>(com.youth.banner.Banner) -> <init>
    458:469:void run() -> run