app/unused.txt
com.wkq.order.databinding.ActivityPreviewImgBinding
    public static com.wkq.order.databinding.ActivityPreviewImgBinding inflate(android.view.LayoutInflater,android.view.ViewGroup,boolean)
    public static com.wkq.order.databinding.ActivityPreviewImgBinding inflate(android.view.LayoutInflater,android.view.ViewGroup,boolean,java.lang.Object)
    public static com.wkq.order.databinding.ActivityPreviewImgBinding inflate(android.view.LayoutInflater)
    public static com.wkq.order.databinding.ActivityPreviewImgBinding inflate(android.view.LayoutInflater,java.lang.Object)
    public static com.wkq.order.databinding.ActivityPreviewImgBinding bind(android.view.View)
    public static com.wkq.order.databinding.ActivityPreviewImgBinding bind(android.view.View,java.lang.Object)
com.wkq.order.modlue.main.frame.presenter.MoveDbComingPresenter$2
com.wkq.order.modlue.main.ui.fragment.MoveDbComingFragment
com.wkq.order.modlue.novel.ui.activity.rank.RankViewModel
    public static final synthetic int access$getMaxPageSize$p(com.wkq.order.modlue.novel.ui.activity.rank.RankViewModel)
com.wkq.order.modlue.web.view.CheckLineView
    public void <init>(com.wkq.order.modlue.web.ui.CheckLineActivity)
com.wkq.order.R$style
com.wkq.order.modlue.novel.ui.activity.preview.notchtools.phone.PVersionNotchScreen
    public void fullScreenDontUseStatus(android.app.Activity,com.wkq.order.modlue.novel.ui.activity.preview.notchtools.core.OnNotchCallBack)
com.wkq.order.databinding.ActivityApiTestBinding
    public static com.wkq.order.databinding.ActivityApiTestBinding inflate(android.view.LayoutInflater,android.view.ViewGroup,boolean)
    public static com.wkq.order.databinding.ActivityApiTestBinding inflate(android.view.LayoutInflater,android.view.ViewGroup,boolean,java.lang.Object)
    public static com.wkq.order.databinding.ActivityApiTestBinding inflate(android.view.LayoutInflater)
    public static com.wkq.order.databinding.ActivityApiTestBinding inflate(android.view.LayoutInflater,java.lang.Object)
    public static com.wkq.order.databinding.ActivityApiTestBinding bind(android.view.View)
    public static com.wkq.order.databinding.ActivityApiTestBinding bind(android.view.View,java.lang.Object)
    public android.view.View$OnClickListener getOnclick()
com.wkq.order.modlue.main.ui.widget.UIEmptyView
    private void showLoadError()
    private void showDatqaEmpty()
    private void showNoConnect()
    public void show(boolean,java.lang.String,java.lang.String,java.lang.String,android.view.View$OnClickListener)
    public void show(boolean,java.lang.String,java.lang.String,java.lang.String,int,android.view.View$OnClickListener)
    public void show(boolean)
    public void show(java.lang.String,java.lang.String)
    public void show(java.lang.String,java.lang.String,int)
    public void show(java.lang.String,java.lang.String,java.lang.String,int,android.view.View$OnClickListener)
    public void show()
    public void hide()
    public boolean isShowing()
    public boolean isLoading()
    public void setButton(java.lang.String,android.view.View$OnClickListener)
com.wkq.order.databinding.ItemMovieHtmlMtimeBinding
    public static com.wkq.order.databinding.ItemMovieHtmlMtimeBinding inflate(android.view.LayoutInflater,android.view.ViewGroup,boolean)
    public static com.wkq.order.databinding.ItemMovieHtmlMtimeBinding inflate(android.view.LayoutInflater,android.view.ViewGroup,boolean,java.lang.Object)
    public static com.wkq.order.databinding.ItemMovieHtmlMtimeBinding inflate(android.view.LayoutInflater)
    public static com.wkq.order.databinding.ItemMovieHtmlMtimeBinding inflate(android.view.LayoutInflater,java.lang.Object)
    public static com.wkq.order.databinding.ItemMovieHtmlMtimeBinding bind(android.view.View)
    public static com.wkq.order.databinding.ItemMovieHtmlMtimeBinding bind(android.view.View,java.lang.Object)
    public wkq.com.lib_move.model.MoveInfo getData()
...
io.reactivex.internal.operators.observable.ObservableCache$CacheState
    public static final io.reactivex.internal.operators.observable.ObservableCache$ReplayDisposable[] EMPTY
    public static final io.reactivex.internal.operators.observable.ObservableCache$ReplayDisposable[] TERMINATED
androidx.core.provider.SelfDestructiveThread$2
    public final synthetic androidx.core.provider.SelfDestructiveThread this$0
kotlin.sequences.DropSequence$iterator$1
    public final synthetic kotlin.sequences.DropSequence this$0
com.bumptech.glide.load.engine.DiskCacheStrategy
    public static final com.bumptech.glide.load.engine.DiskCacheStrategy RESOURCE
com.wkq.base.utils.FileUtils
    public static final java.lang.String LINE_SEP
    public static final char[] HEX_DIGITS
com.umeng.analytics.filter.b
    public com.umeng.analytics.filter.d a
x.y.h.ab
    public int b
    public long c
    public long d
    public long e
    public java.lang.String f
    public java.util.Map a
    public int g
    public java.lang.Exception h
    public long i
    public long j
retrofit2.ParameterHandler$Body
org.slf4j.event.SubstituteLoggingEvent
    public org.slf4j.event.Level level
    public org.slf4j.Marker marker
    public java.lang.String loggerName
    public java.lang.String threadName
    public java.lang.String message
    public java.lang.Object[] argArray
    public long timeStamp
    public java.lang.Throwable throwable
com.google.android.material.internal.CollapsingTextHelper
    public final android.text.TextPaint tmpPaint
com.just.agentweb.MiddlewareWebClientBase
    public static java.lang.String TAG
io.reactivex.processors.BehaviorProcessor
    public static final java.lang.Object[] EMPTY_ARRAY
    public static final io.reactivex.processors.BehaviorProcessor$BehaviorSubscription[] EMPTY
    public static final io.reactivex.processors.BehaviorProcessor$BehaviorSubscription[] TERMINATED
android.support.v4.media.session.MediaSessionCompat$MediaSessionImplBase
    public final android.content.Context mContext
kotlin.text.CharsKt
cn.jzvd.JZVideoPlayerStandard$5
org.jsoup.parser.Token$Comment
    public boolean bogus
com.download.library.DownloadNotifier
    public int requestCode
androidx.media.MediaBrowserServiceCompat$MediaBrowserServiceImplApi26$1
    public final synthetic androidx.media.MediaBrowserServiceCompat$MediaBrowserServiceImplApi26 this$1
com.wkq.database.bean.BookCacheDao_Impl$3$1
    public final synthetic com.wkq.database.bean.BookCacheDao_Impl$3 this$1
okhttp3.Cache$Entry
    public static final okhttp3.Cache$Entry$Companion Companion
androidx.arch.core.executor.DefaultTaskExecutor$1
    public final synthetic androidx.arch.core.executor.DefaultTaskExecutor this$0
x.y.h.a
    public static final char[] b
io.reactivex.subjects.ReplaySubject
    public static final io.reactivex.subjects.ReplaySubject$ReplayDisposable[] EMPTY
    public static final io.reactivex.subjects.ReplaySubject$ReplayDisposable[] TERMINATED
    public static final java.lang.Object[] EMPTY_ARRAY
com.zia.page.search.BookAdapter$DiffCallBack
    public final synthetic com.zia.page.search.BookAdapter this$0
com.wkq.net.model.MTimeMoveDetailInfo$BasicBean$FestivalsBean
androidx.appcompat.widget.ActionBarContextView$1
    public final synthetic androidx.appcompat.widget.ActionBarContextView this$0
com.google.gson.internal.LinkedTreeMap
    public static final synthetic boolean $assertionsDisabled
com.google.gson.internal.ConstructorConstructor$8
    public final synthetic com.google.gson.internal.ConstructorConstructor this$0
androidx.transition.ChangeBounds$7
    public final synthetic androidx.transition.ChangeBounds this$0
retrofit2.RequestBuilder
    public void setRelativeUrl(java.lang.Object)
    public void setBody(okhttp3.RequestBody)
org.jsoup.nodes.Entities
    public static final org.jsoup.nodes.Document$OutputSettings DefaultOutput
okhttp3.internal.Util
    public static final okhttp3.RequestBody EMPTY_REQUEST